<?xml version="1.0" encoding="UTF-8"?>
<testsuite xmlns:xsi="http://www.w3.org/2001/XMLSchema-instance" xsi:noNamespaceSchemaLocation="https://maven.apache.org/surefire/maven-surefire-plugin/xsd/surefire-test-report.xsd" name="rs.bg.ac.student.ivana.MavenServer.operation.claim.SaveClaimTest" time="0.003" tests="4" errors="0" skipped="0" failures="0">
  <properties>
[...]
</properties>
  <testcase name="constructorTest" classname="rs.bg.ac.student.ivana.MavenServer.operation.claim.SaveClaimTest" time="0"/>
  <testcase name="testPreconditionsNull" classname="rs.bg.ac.student.ivana.MavenServer.operation.claim.SaveClaimTest" time="0"/>
  <testcase name="testPreconditionsInstance" classname="rs.bg.ac.student.ivana.MavenServer.operation.claim.SaveClaimTest" time="0"/>
  <testcase name="testExecuteOperation" classname="rs.bg.ac.student.ivana.MavenServer.operation.claim.SaveClaimTest" time="0"/>
</testsuite>